Running: C:\Xilinx\14.7\ISE_DS\ISE\bin\nt64\unwrapped\fuse.exe -intstyle ise -incremental -o H:/cordic/h_isim_beh.exe -prj H:/cordic/h_beh.prj work.h 
ISim P.20131013 (signature 0x7708f090)
Number of CPUs detected in this system: 8
Turning on mult-threading, number of parallel sub-compilation jobs: 16 
Determining compilation order of HDL files
Parsing VHDL file "H:/cordic/look_up.vhd" into library work
Parsing VHDL file "H:/cordic/cordics.vhd" into library work
Parsing VHDL file "H:/cordic/top.vhd" into library work
Parsing VHDL file "H:/cordic/h.vhd" into library work
Starting static elaboration
Completed static elaboration
Compiling package standard
Compiling package std_logic_1164
Compiling package std_logic_arith
Compiling package std_logic_signed
Compiling architecture behavioral of entity look_up [look_up_default]
Compiling architecture behavioral of entity cordics [cordics_default]
Compiling architecture behavioral of entity CORDIC [cordic_default]
Compiling architecture behavior of entity h
Time Resolution for simulation is 1ps.
Waiting for 1 sub-compilation(s) to finish...
Compiled 11 VHDL Units
Built simulation executable H:/cordic/h_isim_beh.exe
Fuse Memory Usage: 34940 KB
Fuse CPU Usage: 498 ms
